<testsuite failures="0" name="src/test/java/Feature/json.feature" skipped="0" tests="1" time="0.032665">
  <testcase classname="src.test.java.Feature.json" name="json reader parser" time="0.032665">
    <system-out>* def jsonObject = ........................................................ passed
* print jsonObject ........................................................ passed
* print jsonObject ........................................................ passed</system-out>
  </testcase>
</testsuite>
