<testsuite failures="0" name="src/test/java/Feature/Hello.feature" skipped="0" tests="3" time="0.034803">
  <testcase classname="src.test.java.Feature.Hello" name="To print the hello world" time="0.011262">
    <system-out>* print 'hello world' ..................................................... passed
* print 'Prajwal Kumar' ................................................... passed</system-out>
  </testcase>
  <testcase classname="src.test.java.Feature.Hello" name="Declare and print variables" time="0.016981">
    <system-out>* print 'hello world' ..................................................... passed
* print 'Prajwal Kumar' ................................................... passed
* def balance = 200 ....................................................... passed
* def fee = 20 ............................................................ passed
* def tax = 10 ............................................................ passed
* print 'total amount -&gt;' + (balance + fee + tax) ......................... passed</system-out>
  </testcase>
  <testcase classname="src.test.java.Feature.Hello" name="Calculator Scenario" time="0.00656">
    <system-out>* print 'hello world' ..................................................... passed
* print 'Prajwal Kumar' ................................................... passed
* def balance = 200 ....................................................... passed
* def fee = 20 ............................................................ passed
* def tax = 10 ............................................................ passed
* print 'total amount -&gt;' + (balance + fee + tax) ......................... passed
* def a = 200 ............................................................. passed
* def b = 10 .............................................................. passed
* print 'mul-&gt;' + (a * b) ................................................. passed</system-out>
  </testcase>
</testsuite>
