<testsuite failures="0" name="src/test/java/Feature/json.feature" skipped="0" tests="1" time="0.079231">
  <testcase classname="src.test.java.Feature.json" name="json reader parser" time="0.079231">
    <system-out>* def jsonObject = ........................................................ passed
* print jsonObject ........................................................ passed
* print jsonObject ........................................................ passed
* print jsonObject[0] ..................................................... passed
* print jsonObject[1] ..................................................... passed
* print jsonObject[0].name ................................................ passed
* print jsonObject[1].name ................................................ passed</system-out>
  </testcase>
</testsuite>
